{"/media/rogerio/LinuxStorage/Projetos/real-time-chat-backend/src/app.ts": {"path":"/media/rogerio/LinuxStorage/Projetos/real-time-chat-backend/src/app.ts","statementMap":{"0":{"start":{"line":5,"column":25},"end":{"line":27,"column":1}},"1":{"start":{"line":9,"column":13},"end":{"line":9,"column":22}},"2":{"start":{"line":11,"column":1},"end":{"line":11,"column":25}},"3":{"start":{"line":12,"column":1},"end":{"line":12,"column":24}},"4":{"start":{"line":14,"column":1},"end":{"line":16,"column":4}},"5":{"start":{"line":15,"column":2},"end":{"line":15,"column":18}},"6":{"start":{"line":18,"column":15},"end":{"line":24,"column":2}},"7":{"start":{"line":19,"column":2},"end":{"line":19,"column":12}},"8":{"start":{"line":21,"column":2},"end":{"line":23,"column":5}},"9":{"start":{"line":22,"column":3},"end":{"line":22,"column":67}},"10":{"start":{"line":26,"column":1},"end":{"line":26,"column":23}}},"fnMap":{"0":{"name":"(anonymous_0)","decl":{"start":{"line":5,"column":25},"end":{"line":5,"column":26}},"loc":{"start":{"line":8,"column":60},"end":{"line":27,"column":1}},"line":8},"1":{"name":"(anonymous_1)","decl":{"start":{"line":14,"column":17},"end":{"line":14,"column":18}},"loc":{"start":{"line":14,"column":29},"end":{"line":16,"column":2}},"line":14},"2":{"name":"(anonymous_2)","decl":{"start":{"line":18,"column":15},"end":{"line":18,"column":16}},"loc":{"start":{"line":18,"column":21},"end":{"line":24,"column":2}},"line":18},"3":{"name":"(anonymous_3)","decl":{"start":{"line":21,"column":19},"end":{"line":21,"column":20}},"loc":{"start":{"line":21,"column":25},"end":{"line":23,"column":3}},"line":21}},"branchMap":{},"s":{"0":1,"1":1,"2":1,"3":1,"4":1,"5":1,"6":1,"7":0,"8":0,"9":0,"10":1},"f":{"0":1,"1":1,"2":0,"3":0},"b":{},"_coverageSchema":"1a1c01bbd47fc00a2c39e90264f33305004495a9","hash":"dfbcd7715f7d121790d8235062c2e43734e9cdb6"}
,"/media/rogerio/LinuxStorage/Projetos/real-time-chat-backend/src/database/models/User.ts": {"path":"/media/rogerio/LinuxStorage/Projetos/real-time-chat-backend/src/database/models/User.ts","statementMap":{"0":{"start":{"line":7,"column":27},"end":{"line":10,"column":1}},"1":{"start":{"line":12,"column":35},"end":{"line":12,"column":37}},"2":{"start":{"line":45,"column":19},"end":{"line":112,"column":1}},"3":{"start":{"line":80,"column":5},"end":{"line":80,"column":37}},"4":{"start":{"line":82,"column":24},"end":{"line":82,"column":56}},"5":{"start":{"line":114,"column":27},"end":{"line":125,"column":1}},"6":{"start":{"line":118,"column":1},"end":{"line":124,"column":3}},"7":{"start":{"line":127,"column":0},"end":{"line":138,"column":2}},"8":{"start":{"line":130,"column":14},"end":{"line":130,"column":33}},"9":{"start":{"line":132,"column":15},"end":{"line":132,"column":49}},"10":{"start":{"line":134,"column":1},"end":{"line":134,"column":45}},"11":{"start":{"line":135,"column":1},"end":{"line":135,"column":19}},"12":{"start":{"line":137,"column":1},"end":{"line":137,"column":14}},"13":{"start":{"line":140,"column":0},"end":{"line":156,"column":2}},"14":{"start":{"line":141,"column":14},"end":{"line":141,"column":18}},"15":{"start":{"line":143,"column":28},"end":{"line":143,"column":30}},"16":{"start":{"line":144,"column":20},"end":{"line":152,"column":2}},"17":{"start":{"line":153,"column":1},"end":{"line":153,"column":75}},"18":{"start":{"line":153,"column":34},"end":{"line":153,"column":72}},"19":{"start":{"line":155,"column":1},"end":{"line":155,"column":22}},"20":{"start":{"line":158,"column":0},"end":{"line":171,"column":2}},"21":{"start":{"line":159,"column":14},"end":{"line":159,"column":43}},"22":{"start":{"line":161,"column":1},"end":{"line":163,"column":2}},"23":{"start":{"line":162,"column":2},"end":{"line":162,"column":37}},"24":{"start":{"line":165,"column":17},"end":{"line":165,"column":62}},"25":{"start":{"line":166,"column":1},"end":{"line":168,"column":2}},"26":{"start":{"line":167,"column":2},"end":{"line":167,"column":37}},"27":{"start":{"line":170,"column":1},"end":{"line":170,"column":13}},"28":{"start":{"line":173,"column":0},"end":{"line":179,"column":2}},"29":{"start":{"line":174,"column":27},"end":{"line":174,"column":29}},"30":{"start":{"line":175,"column":1},"end":{"line":175,"column":62}},"31":{"start":{"line":176,"column":1},"end":{"line":176,"column":67}},"32":{"start":{"line":177,"column":1},"end":{"line":177,"column":67}},"33":{"start":{"line":178,"column":1},"end":{"line":178,"column":18}},"34":{"start":{"line":181,"column":26},"end":{"line":218,"column":1}},"35":{"start":{"line":186,"column":1},"end":{"line":186,"column":61}},"36":{"start":{"line":187,"column":1},"end":{"line":187,"column":42}},"37":{"start":{"line":189,"column":19},"end":{"line":189,"column":44}},"38":{"start":{"line":190,"column":1},"end":{"line":192,"column":2}},"39":{"start":{"line":191,"column":2},"end":{"line":191,"column":47}},"40":{"start":{"line":194,"column":26},"end":{"line":196,"column":2}},"41":{"start":{"line":195,"column":2},"end":{"line":195,"column":47}},"42":{"start":{"line":197,"column":16},"end":{"line":197,"column":34}},"43":{"start":{"line":199,"column":1},"end":{"line":205,"column":2}},"44":{"start":{"line":200,"column":2},"end":{"line":200,"column":40}},"45":{"start":{"line":201,"column":2},"end":{"line":201,"column":32}},"46":{"start":{"line":202,"column":2},"end":{"line":204,"column":3}},"47":{"start":{"line":203,"column":3},"end":{"line":203,"column":57}},"48":{"start":{"line":207,"column":9},"end":{"line":207,"column":10}},"49":{"start":{"line":208,"column":1},"end":{"line":215,"column":18}},"50":{"start":{"line":209,"column":18},"end":{"line":209,"column":50}},"51":{"start":{"line":210,"column":2},"end":{"line":212,"column":3}},"52":{"start":{"line":211,"column":3},"end":{"line":211,"column":9}},"53":{"start":{"line":213,"column":2},"end":{"line":213,"column":26}},"54":{"start":{"line":214,"column":2},"end":{"line":214,"column":6}},"55":{"start":{"line":217,"column":1},"end":{"line":217,"column":17}},"56":{"start":{"line":220,"column":36},"end":{"line":222,"column":1}},"57":{"start":{"line":221,"column":1},"end":{"line":221,"column":46}},"58":{"start":{"line":224,"column":0},"end":{"line":227,"column":2}},"59":{"start":{"line":226,"column":1},"end":{"line":226,"column":13}},"60":{"start":{"line":229,"column":0},"end":{"line":231,"column":2}},"61":{"start":{"line":230,"column":1},"end":{"line":230,"column":50}},"62":{"start":{"line":233,"column":0},"end":{"line":236,"column":2}},"63":{"start":{"line":234,"column":14},"end":{"line":234,"column":43}},"64":{"start":{"line":235,"column":1},"end":{"line":235,"column":22}},"65":{"start":{"line":238,"column":34},"end":{"line":238,"column":35}},"66":{"start":{"line":241,"column":0},"end":{"line":249,"column":3}},"67":{"start":{"line":242,"column":14},"end":{"line":242,"column":18}},"68":{"start":{"line":244,"column":1},"end":{"line":246,"column":2}},"69":{"start":{"line":245,"column":2},"end":{"line":245,"column":71}},"70":{"start":{"line":248,"column":1},"end":{"line":248,"column":8}},"71":{"start":{"line":257,"column":0},"end":{"line":261,"column":4}},"72":{"start":{"line":260,"column":2},"end":{"line":260,"column":46}},"73":{"start":{"line":262,"column":20},"end":{"line":262,"column":72}}},"fnMap":{"0":{"name":"(anonymous_0)","decl":{"start":{"line":79,"column":15},"end":{"line":79,"column":16}},"loc":{"start":{"line":79,"column":40},"end":{"line":81,"column":5}},"line":79},"1":{"name":"(anonymous_1)","decl":{"start":{"line":82,"column":13},"end":{"line":82,"column":14}},"loc":{"start":{"line":82,"column":24},"end":{"line":82,"column":56}},"line":82},"2":{"name":"(anonymous_2)","decl":{"start":{"line":114,"column":27},"end":{"line":114,"column":28}},"loc":{"start":{"line":117,"column":13},"end":{"line":125,"column":1}},"line":117},"3":{"name":"(anonymous_3)","decl":{"start":{"line":127,"column":39},"end":{"line":127,"column":40}},"loc":{"start":{"line":129,"column":19},"end":{"line":138,"column":1}},"line":129},"4":{"name":"(anonymous_4)","decl":{"start":{"line":140,"column":28},"end":{"line":140,"column":29}},"loc":{"start":{"line":140,"column":40},"end":{"line":156,"column":1}},"line":140},"5":{"name":"(anonymous_5)","decl":{"start":{"line":153,"column":20},"end":{"line":153,"column":21}},"loc":{"start":{"line":153,"column":34},"end":{"line":153,"column":72}},"line":153},"6":{"name":"(anonymous_6)","decl":{"start":{"line":158,"column":39},"end":{"line":158,"column":40}},"loc":{"start":{"line":158,"column":66},"end":{"line":171,"column":1}},"line":158},"7":{"name":"(anonymous_7)","decl":{"start":{"line":173,"column":39},"end":{"line":173,"column":40}},"loc":{"start":{"line":173,"column":70},"end":{"line":179,"column":1}},"line":173},"8":{"name":"(anonymous_8)","decl":{"start":{"line":181,"column":26},"end":{"line":181,"column":27}},"loc":{"start":{"line":185,"column":22},"end":{"line":218,"column":1}},"line":185},"9":{"name":"(anonymous_9)","decl":{"start":{"line":194,"column":26},"end":{"line":194,"column":27}},"loc":{"start":{"line":194,"column":32},"end":{"line":196,"column":2}},"line":194},"10":{"name":"(anonymous_10)","decl":{"start":{"line":220,"column":36},"end":{"line":220,"column":37}},"loc":{"start":{"line":220,"column":58},"end":{"line":222,"column":1}},"line":220},"11":{"name":"(anonymous_11)","decl":{"start":{"line":224,"column":29},"end":{"line":224,"column":30}},"loc":{"start":{"line":224,"column":71},"end":{"line":227,"column":1}},"line":224},"12":{"name":"(anonymous_12)","decl":{"start":{"line":229,"column":37},"end":{"line":229,"column":38}},"loc":{"start":{"line":229,"column":49},"end":{"line":231,"column":1}},"line":229},"13":{"name":"(anonymous_13)","decl":{"start":{"line":233,"column":48},"end":{"line":233,"column":49}},"loc":{"start":{"line":233,"column":65},"end":{"line":236,"column":1}},"line":233},"14":{"name":"(anonymous_14)","decl":{"start":{"line":241,"column":23},"end":{"line":241,"column":24}},"loc":{"start":{"line":241,"column":45},"end":{"line":249,"column":1}},"line":241},"15":{"name":"(anonymous_15)","decl":{"start":{"line":259,"column":6},"end":{"line":259,"column":7}},"loc":{"start":{"line":259,"column":63},"end":{"line":261,"column":2}},"line":259}},"branchMap":{"0":{"loc":{"start":{"line":161,"column":1},"end":{"line":163,"column":2}},"type":"if","locations":[{"start":{"line":161,"column":1},"end":{"line":163,"column":2}},{"start":{},"end":{}}],"line":161},"1":{"loc":{"start":{"line":166,"column":1},"end":{"line":168,"column":2}},"type":"if","locations":[{"start":{"line":166,"column":1},"end":{"line":168,"column":2}},{"start":{},"end":{}}],"line":166},"2":{"loc":{"start":{"line":184,"column":1},"end":{"line":184,"column":15}},"type":"default-arg","locations":[{"start":{"line":184,"column":13},"end":{"line":184,"column":15}}],"line":184},"3":{"loc":{"start":{"line":190,"column":1},"end":{"line":192,"column":2}},"type":"if","locations":[{"start":{"line":190,"column":1},"end":{"line":192,"column":2}},{"start":{},"end":{}}],"line":190},"4":{"loc":{"start":{"line":199,"column":1},"end":{"line":205,"column":2}},"type":"if","locations":[{"start":{"line":199,"column":1},"end":{"line":205,"column":2}},{"start":{},"end":{}}],"line":199},"5":{"loc":{"start":{"line":202,"column":2},"end":{"line":204,"column":3}},"type":"if","locations":[{"start":{"line":202,"column":2},"end":{"line":204,"column":3}},{"start":{},"end":{}}],"line":202},"6":{"loc":{"start":{"line":210,"column":2},"end":{"line":212,"column":3}},"type":"if","locations":[{"start":{"line":210,"column":2},"end":{"line":212,"column":3}},{"start":{},"end":{}}],"line":210},"7":{"loc":{"start":{"line":244,"column":1},"end":{"line":246,"column":2}},"type":"if","locations":[{"start":{"line":244,"column":1},"end":{"line":246,"column":2}},{"start":{},"end":{}}],"line":244}},"s":{"0":1,"1":1,"2":1,"3":3,"4":0,"5":1,"6":3,"7":1,"8":2,"9":2,"10":2,"11":2,"12":2,"13":1,"14":3,"15":3,"16":3,"17":3,"18":21,"19":3,"20":1,"21":1,"22":1,"23":0,"24":1,"25":1,"26":0,"27":1,"28":1,"29":0,"30":0,"31":0,"32":0,"33":0,"34":1,"35":0,"36":0,"37":0,"38":0,"39":0,"40":0,"41":0,"42":0,"43":0,"44":0,"45":0,"46":0,"47":0,"48":0,"49":0,"50":0,"51":0,"52":0,"53":0,"54":0,"55":0,"56":1,"57":0,"58":1,"59":0,"60":1,"61":0,"62":1,"63":0,"64":0,"65":1,"66":1,"67":3,"68":3,"69":1,"70":3,"71":1,"72":0,"73":1},"f":{"0":3,"1":0,"2":3,"3":2,"4":3,"5":21,"6":1,"7":0,"8":0,"9":0,"10":0,"11":0,"12":0,"13":0,"14":3,"15":0},"b":{"0":[0,1],"1":[0,1],"2":[0],"3":[0,0],"4":[0,0],"5":[0,0],"6":[0,0],"7":[1,2]},"_coverageSchema":"1a1c01bbd47fc00a2c39e90264f33305004495a9","hash":"d2f74a018eb163aa196e19974505a6fac3be0ef3"}
,"/media/rogerio/LinuxStorage/Projetos/real-time-chat-backend/src/middleware/auth.ts": {"path":"/media/rogerio/LinuxStorage/Projetos/real-time-chat-backend/src/middleware/auth.ts","statementMap":{"0":{"start":{"line":5,"column":40},"end":{"line":5,"column":54}},"1":{"start":{"line":12,"column":20},"end":{"line":40,"column":1}},"2":{"start":{"line":17,"column":1},"end":{"line":39,"column":2}},"3":{"start":{"line":18,"column":16},"end":{"line":18,"column":53}},"4":{"start":{"line":20,"column":18},"end":{"line":22,"column":3}},"5":{"start":{"line":23,"column":15},"end":{"line":23,"column":42}},"6":{"start":{"line":25,"column":2},"end":{"line":27,"column":3}},"7":{"start":{"line":26,"column":3},"end":{"line":26,"column":21}},"8":{"start":{"line":29,"column":21},"end":{"line":29,"column":73}},"9":{"start":{"line":29,"column":51},"end":{"line":29,"column":72}},"10":{"start":{"line":30,"column":2},"end":{"line":32,"column":3}},"11":{"start":{"line":31,"column":3},"end":{"line":31,"column":21}},"12":{"start":{"line":34,"column":2},"end":{"line":34,"column":20}},"13":{"start":{"line":35,"column":2},"end":{"line":35,"column":18}},"14":{"start":{"line":36,"column":2},"end":{"line":36,"column":9}},"15":{"start":{"line":38,"column":2},"end":{"line":38,"column":59}},"16":{"start":{"line":42,"column":39},"end":{"line":47,"column":1}},"17":{"start":{"line":43,"column":1},"end":{"line":46,"column":4}}},"fnMap":{"0":{"name":"(anonymous_0)","decl":{"start":{"line":12,"column":20},"end":{"line":12,"column":21}},"loc":{"start":{"line":16,"column":5},"end":{"line":40,"column":1}},"line":16},"1":{"name":"(anonymous_1)","decl":{"start":{"line":29,"column":39},"end":{"line":29,"column":40}},"loc":{"start":{"line":29,"column":51},"end":{"line":29,"column":72}},"line":29},"2":{"name":"(anonymous_2)","decl":{"start":{"line":42,"column":39},"end":{"line":42,"column":40}},"loc":{"start":{"line":42,"column":79},"end":{"line":47,"column":1}},"line":42}},"branchMap":{"0":{"loc":{"start":{"line":25,"column":2},"end":{"line":27,"column":3}},"type":"if","locations":[{"start":{"line":25,"column":2},"end":{"line":27,"column":3}},{"start":{},"end":{}}],"line":25},"1":{"loc":{"start":{"line":30,"column":2},"end":{"line":32,"column":3}},"type":"if","locations":[{"start":{"line":30,"column":2},"end":{"line":32,"column":3}},{"start":{},"end":{}}],"line":30}},"s":{"0":1,"1":1,"2":1,"3":1,"4":1,"5":1,"6":1,"7":0,"8":1,"9":1,"10":1,"11":0,"12":1,"13":1,"14":1,"15":0,"16":1,"17":2},"f":{"0":1,"1":1,"2":2},"b":{"0":[0,1],"1":[0,1]},"_coverageSchema":"1a1c01bbd47fc00a2c39e90264f33305004495a9","hash":"8c456feba2c7b181c5d69ae092184a17526aadba"}
,"/media/rogerio/LinuxStorage/Projetos/real-time-chat-backend/src/resolvers/user-resolver.ts": {"path":"/media/rogerio/LinuxStorage/Projetos/real-time-chat-backend/src/resolvers/user-resolver.ts","statementMap":{"0":{"start":{"line":5,"column":21},"end":{"line":13,"column":1}},"1":{"start":{"line":6,"column":1},"end":{"line":12,"column":2}},"2":{"start":{"line":7,"column":20},"end":{"line":7,"column":37}},"3":{"start":{"line":8,"column":2},"end":{"line":8,"column":30}},"4":{"start":{"line":9,"column":2},"end":{"line":9,"column":19}},"5":{"start":{"line":11,"column":2},"end":{"line":11,"column":14}},"6":{"start":{"line":20,"column":19},"end":{"line":50,"column":1}},"7":{"start":{"line":31,"column":23},"end":{"line":34,"column":2}},"8":{"start":{"line":35,"column":1},"end":{"line":49,"column":2}},"9":{"start":{"line":36,"column":15},"end":{"line":36,"column":38}},"10":{"start":{"line":37,"column":2},"end":{"line":37,"column":20}},"11":{"start":{"line":38,"column":16},"end":{"line":38,"column":57}},"12":{"start":{"line":39,"column":2},"end":{"line":42,"column":4}},"13":{"start":{"line":44,"column":2},"end":{"line":46,"column":3}},"14":{"start":{"line":45,"column":3},"end":{"line":45,"column":20}},"15":{"start":{"line":47,"column":2},"end":{"line":47,"column":19}},"16":{"start":{"line":48,"column":2},"end":{"line":48,"column":22}},"17":{"start":{"line":52,"column":14},"end":{"line":66,"column":1}},"18":{"start":{"line":57,"column":14},"end":{"line":57,"column":59}},"19":{"start":{"line":58,"column":1},"end":{"line":60,"column":2}},"20":{"start":{"line":59,"column":2},"end":{"line":59,"column":14}},"21":{"start":{"line":61,"column":15},"end":{"line":61,"column":56}},"22":{"start":{"line":62,"column":1},"end":{"line":65,"column":3}},"23":{"start":{"line":68,"column":18},"end":{"line":70,"column":1}},"24":{"start":{"line":69,"column":1},"end":{"line":69,"column":22}},"25":{"start":{"line":72,"column":23},"end":{"line":76,"column":1}},"26":{"start":{"line":75,"column":1},"end":{"line":75,"column":35}}},"fnMap":{"0":{"name":"(anonymous_0)","decl":{"start":{"line":5,"column":21},"end":{"line":5,"column":22}},"loc":{"start":{"line":5,"column":55},"end":{"line":13,"column":1}},"line":5},"1":{"name":"(anonymous_1)","decl":{"start":{"line":20,"column":19},"end":{"line":20,"column":20}},"loc":{"start":{"line":30,"column":50},"end":{"line":50,"column":1}},"line":30},"2":{"name":"(anonymous_2)","decl":{"start":{"line":52,"column":14},"end":{"line":52,"column":15}},"loc":{"start":{"line":56,"column":45},"end":{"line":66,"column":1}},"line":56},"3":{"name":"(anonymous_3)","decl":{"start":{"line":68,"column":18},"end":{"line":68,"column":19}},"loc":{"start":{"line":68,"column":30},"end":{"line":70,"column":1}},"line":68},"4":{"name":"(anonymous_4)","decl":{"start":{"line":72,"column":23},"end":{"line":72,"column":24}},"loc":{"start":{"line":74,"column":36},"end":{"line":76,"column":1}},"line":74}},"branchMap":{"0":{"loc":{"start":{"line":44,"column":2},"end":{"line":46,"column":3}},"type":"if","locations":[{"start":{"line":44,"column":2},"end":{"line":46,"column":3}},{"start":{},"end":{}}],"line":44},"1":{"loc":{"start":{"line":58,"column":1},"end":{"line":60,"column":2}},"type":"if","locations":[{"start":{"line":58,"column":1},"end":{"line":60,"column":2}},{"start":{},"end":{}}],"line":58},"2":{"loc":{"start":{"line":58,"column":5},"end":{"line":58,"column":58}},"type":"binary-expr","locations":[{"start":{"line":58,"column":5},"end":{"line":58,"column":10}},{"start":{"line":58,"column":14},"end":{"line":58,"column":58}}],"line":58}},"s":{"0":1,"1":1,"2":1,"3":1,"4":1,"5":0,"6":1,"7":1,"8":1,"9":1,"10":1,"11":1,"12":1,"13":0,"14":0,"15":0,"16":0,"17":1,"18":1,"19":1,"20":0,"21":1,"22":1,"23":1,"24":0,"25":1,"26":1},"f":{"0":1,"1":1,"2":1,"3":0,"4":1},"b":{"0":[0,0],"1":[0,1],"2":[1,1]},"_coverageSchema":"1a1c01bbd47fc00a2c39e90264f33305004495a9","hash":"bd3dea96f00bf050574d6081ff63ee44e6ca918c"}
,"/media/rogerio/LinuxStorage/Projetos/real-time-chat-backend/src/routers/user-router.ts": {"path":"/media/rogerio/LinuxStorage/Projetos/real-time-chat-backend/src/routers/user-router.ts","statementMap":{"0":{"start":{"line":5,"column":26},"end":{"line":5,"column":34}},"1":{"start":{"line":7,"column":15},"end":{"line":7,"column":23}},"2":{"start":{"line":9,"column":0},"end":{"line":16,"column":3}},"3":{"start":{"line":10,"column":1},"end":{"line":15,"column":2}},"4":{"start":{"line":11,"column":16},"end":{"line":11,"column":46}},"5":{"start":{"line":12,"column":2},"end":{"line":12,"column":18}},"6":{"start":{"line":14,"column":2},"end":{"line":14,"column":73}},"7":{"start":{"line":18,"column":0},"end":{"line":47,"column":3}},"8":{"start":{"line":19,"column":1},"end":{"line":46,"column":2}},"9":{"start":{"line":20,"column":42},"end":{"line":20,"column":50}},"10":{"start":{"line":21,"column":68},"end":{"line":21,"column":76}},"11":{"start":{"line":23,"column":17},"end":{"line":33,"column":3}},"12":{"start":{"line":35,"column":2},"end":{"line":37,"column":3}},"13":{"start":{"line":36,"column":3},"end":{"line":36,"column":49}},"14":{"start":{"line":39,"column":26},"end":{"line":39,"column":32}},"15":{"start":{"line":41,"column":2},"end":{"line":41,"column":38}},"16":{"start":{"line":43,"column":2},"end":{"line":43,"column":33}},"17":{"start":{"line":45,"column":2},"end":{"line":45,"column":45}},"18":{"start":{"line":49,"column":0},"end":{"line":68,"column":3}},"19":{"start":{"line":50,"column":1},"end":{"line":67,"column":2}},"20":{"start":{"line":51,"column":43},"end":{"line":51,"column":51}},"21":{"start":{"line":52,"column":2},"end":{"line":54,"column":3}},"22":{"start":{"line":53,"column":3},"end":{"line":53,"column":56}},"23":{"start":{"line":56,"column":16},"end":{"line":56,"column":70}},"24":{"start":{"line":58,"column":2},"end":{"line":60,"column":3}},"25":{"start":{"line":59,"column":3},"end":{"line":59,"column":62}},"26":{"start":{"line":62,"column":26},"end":{"line":62,"column":31}},"27":{"start":{"line":63,"column":2},"end":{"line":63,"column":38}},"28":{"start":{"line":64,"column":2},"end":{"line":64,"column":40}},"29":{"start":{"line":66,"column":2},"end":{"line":66,"column":45}},"30":{"start":{"line":70,"column":0},"end":{"line":87,"column":2}},"31":{"start":{"line":74,"column":2},"end":{"line":85,"column":3}},"32":{"start":{"line":75,"column":24},"end":{"line":75,"column":34}},"33":{"start":{"line":76,"column":16},"end":{"line":76,"column":59}},"34":{"start":{"line":77,"column":3},"end":{"line":79,"column":4}},"35":{"start":{"line":78,"column":4},"end":{"line":78,"column":22}},"36":{"start":{"line":80,"column":3},"end":{"line":80,"column":41}},"37":{"start":{"line":82,"column":3},"end":{"line":82,"column":18}},"38":{"start":{"line":84,"column":3},"end":{"line":84,"column":33}}},"fnMap":{"0":{"name":"(anonymous_0)","decl":{"start":{"line":9,"column":23},"end":{"line":9,"column":24}},"loc":{"start":{"line":9,"column":62},"end":{"line":16,"column":1}},"line":9},"1":{"name":"(anonymous_1)","decl":{"start":{"line":18,"column":38},"end":{"line":18,"column":39}},"loc":{"start":{"line":18,"column":77},"end":{"line":47,"column":1}},"line":18},"2":{"name":"(anonymous_2)","decl":{"start":{"line":49,"column":35},"end":{"line":49,"column":36}},"loc":{"start":{"line":49,"column":74},"end":{"line":68,"column":1}},"line":49},"3":{"name":"(anonymous_3)","decl":{"start":{"line":73,"column":1},"end":{"line":73,"column":2}},"loc":{"start":{"line":73,"column":40},"end":{"line":86,"column":2}},"line":73}},"branchMap":{"0":{"loc":{"start":{"line":35,"column":2},"end":{"line":37,"column":3}},"type":"if","locations":[{"start":{"line":35,"column":2},"end":{"line":37,"column":3}},{"start":{},"end":{}}],"line":35},"1":{"loc":{"start":{"line":52,"column":2},"end":{"line":54,"column":3}},"type":"if","locations":[{"start":{"line":52,"column":2},"end":{"line":54,"column":3}},{"start":{},"end":{}}],"line":52},"2":{"loc":{"start":{"line":52,"column":6},"end":{"line":52,"column":25}},"type":"binary-expr","locations":[{"start":{"line":52,"column":6},"end":{"line":52,"column":12}},{"start":{"line":52,"column":16},"end":{"line":52,"column":25}}],"line":52},"3":{"loc":{"start":{"line":58,"column":2},"end":{"line":60,"column":3}},"type":"if","locations":[{"start":{"line":58,"column":2},"end":{"line":60,"column":3}},{"start":{},"end":{}}],"line":58},"4":{"loc":{"start":{"line":77,"column":3},"end":{"line":79,"column":4}},"type":"if","locations":[{"start":{"line":77,"column":3},"end":{"line":79,"column":4}},{"start":{},"end":{}}],"line":77}},"s":{"0":1,"1":1,"2":1,"3":0,"4":0,"5":0,"6":0,"7":1,"8":1,"9":1,"10":1,"11":1,"12":1,"13":0,"14":1,"15":1,"16":1,"17":0,"18":1,"19":1,"20":1,"21":1,"22":0,"23":1,"24":1,"25":0,"26":1,"27":1,"28":1,"29":0,"30":1,"31":1,"32":1,"33":1,"34":1,"35":0,"36":1,"37":0,"38":0},"f":{"0":0,"1":1,"2":1,"3":1},"b":{"0":[0,1],"1":[0,1],"2":[1,1],"3":[0,1],"4":[0,1]},"_coverageSchema":"1a1c01bbd47fc00a2c39e90264f33305004495a9","hash":"fc6b23096e8009cd3dfed27b7711e24514ff00a2"}
}
