{"/media/rogerio/LinuxStorage/Projetos/real-time-chat-backend/src/app.ts": {"path":"/media/rogerio/LinuxStorage/Projetos/real-time-chat-backend/src/app.ts","statementMap":{"0":{"start":{"line":3,"column":25},"end":{"line":25,"column":1}},"1":{"start":{"line":8,"column":13},"end":{"line":8,"column":22}},"2":{"start":{"line":10,"column":1},"end":{"line":10,"column":25}},"3":{"start":{"line":12,"column":1},"end":{"line":14,"column":4}},"4":{"start":{"line":13,"column":2},"end":{"line":13,"column":18}},"5":{"start":{"line":16,"column":15},"end":{"line":22,"column":2}},"6":{"start":{"line":17,"column":2},"end":{"line":17,"column":12}},"7":{"start":{"line":19,"column":2},"end":{"line":21,"column":5}},"8":{"start":{"line":20,"column":3},"end":{"line":20,"column":67}},"9":{"start":{"line":24,"column":1},"end":{"line":24,"column":23}}},"fnMap":{"0":{"name":"(anonymous_0)","decl":{"start":{"line":3,"column":25},"end":{"line":3,"column":26}},"loc":{"start":{"line":7,"column":60},"end":{"line":25,"column":1}},"line":7},"1":{"name":"(anonymous_1)","decl":{"start":{"line":12,"column":17},"end":{"line":12,"column":18}},"loc":{"start":{"line":12,"column":29},"end":{"line":14,"column":2}},"line":12},"2":{"name":"(anonymous_2)","decl":{"start":{"line":16,"column":15},"end":{"line":16,"column":16}},"loc":{"start":{"line":16,"column":21},"end":{"line":22,"column":2}},"line":16},"3":{"name":"(anonymous_3)","decl":{"start":{"line":19,"column":19},"end":{"line":19,"column":20}},"loc":{"start":{"line":19,"column":25},"end":{"line":21,"column":3}},"line":19}},"branchMap":{},"s":{"0":1,"1":1,"2":1,"3":1,"4":1,"5":1,"6":0,"7":0,"8":0,"9":1},"f":{"0":1,"1":1,"2":0,"3":0},"b":{},"_coverageSchema":"1a1c01bbd47fc00a2c39e90264f33305004495a9","hash":"6b7d203c451d193f4014978c23326b194db0b4eb"}
,"/media/rogerio/LinuxStorage/Projetos/real-time-chat-backend/src/database/models/User.ts": {"path":"/media/rogerio/LinuxStorage/Projetos/real-time-chat-backend/src/database/models/User.ts","statementMap":{"0":{"start":{"line":6,"column":27},"end":{"line":9,"column":1}},"1":{"start":{"line":11,"column":35},"end":{"line":11,"column":37}},"2":{"start":{"line":43,"column":19},"end":{"line":110,"column":1}},"3":{"start":{"line":78,"column":5},"end":{"line":78,"column":37}},"4":{"start":{"line":80,"column":24},"end":{"line":80,"column":56}},"5":{"start":{"line":112,"column":0},"end":{"line":129,"column":2}},"6":{"start":{"line":115,"column":14},"end":{"line":115,"column":18}},"7":{"start":{"line":117,"column":23},"end":{"line":123,"column":2}},"8":{"start":{"line":125,"column":1},"end":{"line":125,"column":45}},"9":{"start":{"line":126,"column":1},"end":{"line":126,"column":19}},"10":{"start":{"line":128,"column":1},"end":{"line":128,"column":14}},"11":{"start":{"line":131,"column":0},"end":{"line":147,"column":2}},"12":{"start":{"line":132,"column":14},"end":{"line":132,"column":18}},"13":{"start":{"line":134,"column":28},"end":{"line":134,"column":30}},"14":{"start":{"line":135,"column":20},"end":{"line":143,"column":2}},"15":{"start":{"line":144,"column":1},"end":{"line":144,"column":75}},"16":{"start":{"line":144,"column":34},"end":{"line":144,"column":72}},"17":{"start":{"line":146,"column":1},"end":{"line":146,"column":22}},"18":{"start":{"line":149,"column":0},"end":{"line":162,"column":2}},"19":{"start":{"line":150,"column":14},"end":{"line":150,"column":43}},"20":{"start":{"line":152,"column":1},"end":{"line":154,"column":2}},"21":{"start":{"line":153,"column":2},"end":{"line":153,"column":37}},"22":{"start":{"line":156,"column":17},"end":{"line":156,"column":62}},"23":{"start":{"line":157,"column":1},"end":{"line":159,"column":2}},"24":{"start":{"line":158,"column":2},"end":{"line":158,"column":37}},"25":{"start":{"line":161,"column":1},"end":{"line":161,"column":13}},"26":{"start":{"line":164,"column":0},"end":{"line":170,"column":2}},"27":{"start":{"line":165,"column":27},"end":{"line":165,"column":29}},"28":{"start":{"line":166,"column":1},"end":{"line":166,"column":62}},"29":{"start":{"line":167,"column":1},"end":{"line":167,"column":67}},"30":{"start":{"line":168,"column":1},"end":{"line":168,"column":67}},"31":{"start":{"line":169,"column":1},"end":{"line":169,"column":18}},"32":{"start":{"line":172,"column":26},"end":{"line":209,"column":1}},"33":{"start":{"line":177,"column":1},"end":{"line":177,"column":61}},"34":{"start":{"line":178,"column":1},"end":{"line":178,"column":42}},"35":{"start":{"line":180,"column":19},"end":{"line":180,"column":44}},"36":{"start":{"line":181,"column":1},"end":{"line":183,"column":2}},"37":{"start":{"line":182,"column":2},"end":{"line":182,"column":47}},"38":{"start":{"line":185,"column":26},"end":{"line":187,"column":2}},"39":{"start":{"line":186,"column":2},"end":{"line":186,"column":47}},"40":{"start":{"line":188,"column":16},"end":{"line":188,"column":34}},"41":{"start":{"line":190,"column":1},"end":{"line":196,"column":2}},"42":{"start":{"line":191,"column":2},"end":{"line":191,"column":40}},"43":{"start":{"line":192,"column":2},"end":{"line":192,"column":32}},"44":{"start":{"line":193,"column":2},"end":{"line":195,"column":3}},"45":{"start":{"line":194,"column":3},"end":{"line":194,"column":57}},"46":{"start":{"line":198,"column":9},"end":{"line":198,"column":10}},"47":{"start":{"line":199,"column":1},"end":{"line":206,"column":18}},"48":{"start":{"line":200,"column":18},"end":{"line":200,"column":50}},"49":{"start":{"line":201,"column":2},"end":{"line":203,"column":3}},"50":{"start":{"line":202,"column":3},"end":{"line":202,"column":9}},"51":{"start":{"line":204,"column":2},"end":{"line":204,"column":26}},"52":{"start":{"line":205,"column":2},"end":{"line":205,"column":6}},"53":{"start":{"line":208,"column":1},"end":{"line":208,"column":17}},"54":{"start":{"line":211,"column":36},"end":{"line":213,"column":1}},"55":{"start":{"line":212,"column":1},"end":{"line":212,"column":46}},"56":{"start":{"line":215,"column":0},"end":{"line":218,"column":2}},"57":{"start":{"line":217,"column":1},"end":{"line":217,"column":13}},"58":{"start":{"line":220,"column":0},"end":{"line":222,"column":2}},"59":{"start":{"line":221,"column":1},"end":{"line":221,"column":50}},"60":{"start":{"line":224,"column":0},"end":{"line":227,"column":2}},"61":{"start":{"line":225,"column":14},"end":{"line":225,"column":43}},"62":{"start":{"line":226,"column":1},"end":{"line":226,"column":22}},"63":{"start":{"line":230,"column":0},"end":{"line":238,"column":3}},"64":{"start":{"line":231,"column":14},"end":{"line":231,"column":18}},"65":{"start":{"line":233,"column":1},"end":{"line":235,"column":2}},"66":{"start":{"line":234,"column":2},"end":{"line":234,"column":54}},"67":{"start":{"line":237,"column":1},"end":{"line":237,"column":8}},"68":{"start":{"line":246,"column":0},"end":{"line":250,"column":4}},"69":{"start":{"line":249,"column":2},"end":{"line":249,"column":46}},"70":{"start":{"line":251,"column":20},"end":{"line":251,"column":72}}},"fnMap":{"0":{"name":"(anonymous_0)","decl":{"start":{"line":77,"column":15},"end":{"line":77,"column":16}},"loc":{"start":{"line":77,"column":40},"end":{"line":79,"column":5}},"line":77},"1":{"name":"(anonymous_1)","decl":{"start":{"line":80,"column":13},"end":{"line":80,"column":14}},"loc":{"start":{"line":80,"column":24},"end":{"line":80,"column":56}},"line":80},"2":{"name":"(anonymous_2)","decl":{"start":{"line":112,"column":39},"end":{"line":112,"column":40}},"loc":{"start":{"line":114,"column":19},"end":{"line":129,"column":1}},"line":114},"3":{"name":"(anonymous_3)","decl":{"start":{"line":131,"column":28},"end":{"line":131,"column":29}},"loc":{"start":{"line":131,"column":40},"end":{"line":147,"column":1}},"line":131},"4":{"name":"(anonymous_4)","decl":{"start":{"line":144,"column":20},"end":{"line":144,"column":21}},"loc":{"start":{"line":144,"column":34},"end":{"line":144,"column":72}},"line":144},"5":{"name":"(anonymous_5)","decl":{"start":{"line":149,"column":39},"end":{"line":149,"column":40}},"loc":{"start":{"line":149,"column":66},"end":{"line":162,"column":1}},"line":149},"6":{"name":"(anonymous_6)","decl":{"start":{"line":164,"column":39},"end":{"line":164,"column":40}},"loc":{"start":{"line":164,"column":70},"end":{"line":170,"column":1}},"line":164},"7":{"name":"(anonymous_7)","decl":{"start":{"line":172,"column":26},"end":{"line":172,"column":27}},"loc":{"start":{"line":176,"column":22},"end":{"line":209,"column":1}},"line":176},"8":{"name":"(anonymous_8)","decl":{"start":{"line":185,"column":26},"end":{"line":185,"column":27}},"loc":{"start":{"line":185,"column":32},"end":{"line":187,"column":2}},"line":185},"9":{"name":"(anonymous_9)","decl":{"start":{"line":211,"column":36},"end":{"line":211,"column":37}},"loc":{"start":{"line":211,"column":58},"end":{"line":213,"column":1}},"line":211},"10":{"name":"(anonymous_10)","decl":{"start":{"line":215,"column":29},"end":{"line":215,"column":30}},"loc":{"start":{"line":215,"column":71},"end":{"line":218,"column":1}},"line":215},"11":{"name":"(anonymous_11)","decl":{"start":{"line":220,"column":37},"end":{"line":220,"column":38}},"loc":{"start":{"line":220,"column":49},"end":{"line":222,"column":1}},"line":220},"12":{"name":"(anonymous_12)","decl":{"start":{"line":224,"column":48},"end":{"line":224,"column":49}},"loc":{"start":{"line":224,"column":65},"end":{"line":227,"column":1}},"line":224},"13":{"name":"(anonymous_13)","decl":{"start":{"line":230,"column":23},"end":{"line":230,"column":24}},"loc":{"start":{"line":230,"column":45},"end":{"line":238,"column":1}},"line":230},"14":{"name":"(anonymous_14)","decl":{"start":{"line":248,"column":6},"end":{"line":248,"column":7}},"loc":{"start":{"line":248,"column":63},"end":{"line":250,"column":2}},"line":248}},"branchMap":{"0":{"loc":{"start":{"line":152,"column":1},"end":{"line":154,"column":2}},"type":"if","locations":[{"start":{"line":152,"column":1},"end":{"line":154,"column":2}},{"start":{},"end":{}}],"line":152},"1":{"loc":{"start":{"line":157,"column":1},"end":{"line":159,"column":2}},"type":"if","locations":[{"start":{"line":157,"column":1},"end":{"line":159,"column":2}},{"start":{},"end":{}}],"line":157},"2":{"loc":{"start":{"line":175,"column":1},"end":{"line":175,"column":15}},"type":"default-arg","locations":[{"start":{"line":175,"column":13},"end":{"line":175,"column":15}}],"line":175},"3":{"loc":{"start":{"line":181,"column":1},"end":{"line":183,"column":2}},"type":"if","locations":[{"start":{"line":181,"column":1},"end":{"line":183,"column":2}},{"start":{},"end":{}}],"line":181},"4":{"loc":{"start":{"line":190,"column":1},"end":{"line":196,"column":2}},"type":"if","locations":[{"start":{"line":190,"column":1},"end":{"line":196,"column":2}},{"start":{},"end":{}}],"line":190},"5":{"loc":{"start":{"line":193,"column":2},"end":{"line":195,"column":3}},"type":"if","locations":[{"start":{"line":193,"column":2},"end":{"line":195,"column":3}},{"start":{},"end":{}}],"line":193},"6":{"loc":{"start":{"line":201,"column":2},"end":{"line":203,"column":3}},"type":"if","locations":[{"start":{"line":201,"column":2},"end":{"line":203,"column":3}},{"start":{},"end":{}}],"line":201},"7":{"loc":{"start":{"line":233,"column":1},"end":{"line":235,"column":2}},"type":"if","locations":[{"start":{"line":233,"column":1},"end":{"line":235,"column":2}},{"start":{},"end":{}}],"line":233}},"s":{"0":1,"1":1,"2":1,"3":0,"4":0,"5":1,"6":0,"7":0,"8":0,"9":0,"10":0,"11":1,"12":0,"13":0,"14":0,"15":0,"16":0,"17":0,"18":1,"19":0,"20":0,"21":0,"22":0,"23":0,"24":0,"25":0,"26":1,"27":0,"28":0,"29":0,"30":0,"31":0,"32":1,"33":0,"34":0,"35":0,"36":0,"37":0,"38":0,"39":0,"40":0,"41":0,"42":0,"43":0,"44":0,"45":0,"46":0,"47":0,"48":0,"49":0,"50":0,"51":0,"52":0,"53":0,"54":1,"55":0,"56":1,"57":0,"58":1,"59":0,"60":1,"61":0,"62":0,"63":1,"64":0,"65":0,"66":0,"67":0,"68":1,"69":0,"70":1},"f":{"0":0,"1":0,"2":0,"3":0,"4":0,"5":0,"6":0,"7":0,"8":0,"9":0,"10":0,"11":0,"12":0,"13":0,"14":0},"b":{"0":[0,0],"1":[0,0],"2":[0],"3":[0,0],"4":[0,0],"5":[0,0],"6":[0,0],"7":[0,0]},"_coverageSchema":"1a1c01bbd47fc00a2c39e90264f33305004495a9","hash":"c88db514a41ec00f42e0cea7e3ccdcf90930af6f"}
,"/media/rogerio/LinuxStorage/Projetos/real-time-chat-backend/src/routers/user-router.ts": {"path":"/media/rogerio/LinuxStorage/Projetos/real-time-chat-backend/src/routers/user-router.ts","statementMap":{"0":{"start":{"line":5,"column":26},"end":{"line":5,"column":34}},"1":{"start":{"line":7,"column":15},"end":{"line":7,"column":23}},"2":{"start":{"line":9,"column":0},"end":{"line":14,"column":3}},"3":{"start":{"line":10,"column":1},"end":{"line":13,"column":4}},"4":{"start":{"line":18,"column":0},"end":{"line":47,"column":3}},"5":{"start":{"line":19,"column":1},"end":{"line":46,"column":2}},"6":{"start":{"line":20,"column":42},"end":{"line":20,"column":50}},"7":{"start":{"line":21,"column":68},"end":{"line":21,"column":76}},"8":{"start":{"line":23,"column":17},"end":{"line":33,"column":3}},"9":{"start":{"line":35,"column":2},"end":{"line":37,"column":3}},"10":{"start":{"line":36,"column":3},"end":{"line":36,"column":49}},"11":{"start":{"line":39,"column":26},"end":{"line":39,"column":32}},"12":{"start":{"line":41,"column":2},"end":{"line":41,"column":38}},"13":{"start":{"line":43,"column":2},"end":{"line":43,"column":33}},"14":{"start":{"line":45,"column":2},"end":{"line":45,"column":45}},"15":{"start":{"line":49,"column":0},"end":{"line":68,"column":3}},"16":{"start":{"line":50,"column":1},"end":{"line":67,"column":2}},"17":{"start":{"line":51,"column":43},"end":{"line":51,"column":51}},"18":{"start":{"line":52,"column":2},"end":{"line":54,"column":3}},"19":{"start":{"line":53,"column":3},"end":{"line":53,"column":56}},"20":{"start":{"line":56,"column":16},"end":{"line":56,"column":70}},"21":{"start":{"line":58,"column":2},"end":{"line":60,"column":3}},"22":{"start":{"line":59,"column":3},"end":{"line":59,"column":61}},"23":{"start":{"line":62,"column":26},"end":{"line":62,"column":31}},"24":{"start":{"line":63,"column":2},"end":{"line":63,"column":38}},"25":{"start":{"line":64,"column":2},"end":{"line":64,"column":40}},"26":{"start":{"line":66,"column":2},"end":{"line":66,"column":45}}},"fnMap":{"0":{"name":"(anonymous_0)","decl":{"start":{"line":9,"column":23},"end":{"line":9,"column":24}},"loc":{"start":{"line":9,"column":56},"end":{"line":14,"column":1}},"line":9},"1":{"name":"(anonymous_1)","decl":{"start":{"line":18,"column":38},"end":{"line":18,"column":39}},"loc":{"start":{"line":18,"column":77},"end":{"line":47,"column":1}},"line":18},"2":{"name":"(anonymous_2)","decl":{"start":{"line":49,"column":35},"end":{"line":49,"column":36}},"loc":{"start":{"line":49,"column":74},"end":{"line":68,"column":1}},"line":49}},"branchMap":{"0":{"loc":{"start":{"line":35,"column":2},"end":{"line":37,"column":3}},"type":"if","locations":[{"start":{"line":35,"column":2},"end":{"line":37,"column":3}},{"start":{},"end":{}}],"line":35},"1":{"loc":{"start":{"line":52,"column":2},"end":{"line":54,"column":3}},"type":"if","locations":[{"start":{"line":52,"column":2},"end":{"line":54,"column":3}},{"start":{},"end":{}}],"line":52},"2":{"loc":{"start":{"line":52,"column":6},"end":{"line":52,"column":25}},"type":"binary-expr","locations":[{"start":{"line":52,"column":6},"end":{"line":52,"column":12}},{"start":{"line":52,"column":16},"end":{"line":52,"column":25}}],"line":52},"3":{"loc":{"start":{"line":58,"column":2},"end":{"line":60,"column":3}},"type":"if","locations":[{"start":{"line":58,"column":2},"end":{"line":60,"column":3}},{"start":{},"end":{}}],"line":58}},"s":{"0":1,"1":1,"2":1,"3":1,"4":1,"5":0,"6":0,"7":0,"8":0,"9":0,"10":0,"11":0,"12":0,"13":0,"14":0,"15":1,"16":0,"17":0,"18":0,"19":0,"20":0,"21":0,"22":0,"23":0,"24":0,"25":0,"26":0},"f":{"0":1,"1":0,"2":0},"b":{"0":[0,0],"1":[0,0],"2":[0,0],"3":[0,0]},"_coverageSchema":"1a1c01bbd47fc00a2c39e90264f33305004495a9","hash":"5b3757915020db591d527865872a13d639b3b7f5"}
}
