TN:
SF:src/app.ts
FN:5,(anonymous_0)
FN:14,(anonymous_1)
FN:18,(anonymous_2)
FN:21,(anonymous_3)
FNF:4
FNH:2
FNDA:1,(anonymous_0)
FNDA:1,(anonymous_1)
FNDA:0,(anonymous_2)
FNDA:0,(anonymous_3)
DA:5,1
DA:9,1
DA:11,1
DA:12,1
DA:14,1
DA:15,1
DA:18,1
DA:19,0
DA:21,0
DA:22,0
DA:26,1
LF:11
LH:8
BRF:0
BRH:0
end_of_record
TN:
SF:src/database/models/User.ts
FN:79,(anonymous_0)
FN:82,(anonymous_1)
FN:114,(anonymous_2)
FN:127,(anonymous_3)
FN:140,(anonymous_4)
FN:153,(anonymous_5)
FN:158,(anonymous_6)
FN:173,(anonymous_7)
FN:181,(anonymous_8)
FN:194,(anonymous_9)
FN:220,(anonymous_10)
FN:224,(anonymous_11)
FN:229,(anonymous_12)
FN:233,(anonymous_13)
FN:241,(anonymous_14)
FN:259,(anonymous_15)
FNF:16
FNH:7
FNDA:3,(anonymous_0)
FNDA:0,(anonymous_1)
FNDA:3,(anonymous_2)
FNDA:2,(anonymous_3)
FNDA:3,(anonymous_4)
FNDA:21,(anonymous_5)
FNDA:1,(anonymous_6)
FNDA:0,(anonymous_7)
FNDA:0,(anonymous_8)
FNDA:0,(anonymous_9)
FNDA:0,(anonymous_10)
FNDA:0,(anonymous_11)
FNDA:0,(anonymous_12)
FNDA:0,(anonymous_13)
FNDA:3,(anonymous_14)
FNDA:0,(anonymous_15)
DA:7,1
DA:12,1
DA:45,1
DA:80,3
DA:82,0
DA:114,1
DA:118,3
DA:127,1
DA:130,2
DA:132,2
DA:134,2
DA:135,2
DA:137,2
DA:140,1
DA:141,3
DA:143,3
DA:144,3
DA:153,21
DA:155,3
DA:158,1
DA:159,1
DA:161,1
DA:162,0
DA:165,1
DA:166,1
DA:167,0
DA:170,1
DA:173,1
DA:174,0
DA:175,0
DA:176,0
DA:177,0
DA:178,0
DA:181,1
DA:186,0
DA:187,0
DA:189,0
DA:190,0
DA:191,0
DA:194,0
DA:195,0
DA:197,0
DA:199,0
DA:200,0
DA:201,0
DA:202,0
DA:203,0
DA:207,0
DA:208,0
DA:209,0
DA:210,0
DA:211,0
DA:213,0
DA:214,0
DA:217,0
DA:220,1
DA:221,0
DA:224,1
DA:226,0
DA:229,1
DA:230,0
DA:233,1
DA:234,0
DA:235,0
DA:238,1
DA:241,1
DA:242,3
DA:244,3
DA:245,1
DA:248,3
DA:257,1
DA:260,0
DA:262,1
LF:73
LH:38
BRDA:161,0,0,0
BRDA:161,0,1,1
BRDA:166,1,0,0
BRDA:166,1,1,1
BRDA:184,2,0,0
BRDA:190,3,0,0
BRDA:190,3,1,0
BRDA:199,4,0,0
BRDA:199,4,1,0
BRDA:202,5,0,0
BRDA:202,5,1,0
BRDA:210,6,0,0
BRDA:210,6,1,0
BRDA:244,7,0,1
BRDA:244,7,1,2
BRF:15
BRH:4
end_of_record
TN:
SF:src/middleware/auth.ts
FN:12,(anonymous_0)
FN:29,(anonymous_1)
FN:42,(anonymous_2)
FNF:3
FNH:3
FNDA:1,(anonymous_0)
FNDA:1,(anonymous_1)
FNDA:2,(anonymous_2)
DA:5,1
DA:12,1
DA:17,1
DA:18,1
DA:20,1
DA:23,1
DA:25,1
DA:26,0
DA:29,1
DA:30,1
DA:31,0
DA:34,1
DA:35,1
DA:36,1
DA:38,0
DA:42,1
DA:43,2
LF:17
LH:14
BRDA:25,0,0,0
BRDA:25,0,1,1
BRDA:30,1,0,0
BRDA:30,1,1,1
BRF:4
BRH:2
end_of_record
TN:
SF:src/resolvers/user-resolver.ts
FN:5,(anonymous_0)
FN:20,(anonymous_1)
FN:52,(anonymous_2)
FN:68,(anonymous_3)
FN:72,(anonymous_4)
FNF:5
FNH:4
FNDA:1,(anonymous_0)
FNDA:1,(anonymous_1)
FNDA:1,(anonymous_2)
FNDA:0,(anonymous_3)
FNDA:1,(anonymous_4)
DA:5,1
DA:6,1
DA:7,1
DA:8,1
DA:9,1
DA:11,0
DA:20,1
DA:31,1
DA:35,1
DA:36,1
DA:37,1
DA:38,1
DA:39,1
DA:44,0
DA:45,0
DA:47,0
DA:48,0
DA:52,1
DA:57,1
DA:58,1
DA:59,0
DA:61,1
DA:62,1
DA:68,1
DA:69,0
DA:72,1
DA:75,1
LF:27
LH:20
BRDA:44,0,0,0
BRDA:44,0,1,0
BRDA:58,1,0,0
BRDA:58,1,1,1
BRDA:58,2,0,1
BRDA:58,2,1,1
BRF:6
BRH:3
end_of_record
TN:
SF:src/routers/user-router.ts
FN:9,(anonymous_0)
FN:18,(anonymous_1)
FN:49,(anonymous_2)
FN:73,(anonymous_3)
FNF:4
FNH:3
FNDA:0,(anonymous_0)
FNDA:1,(anonymous_1)
FNDA:1,(anonymous_2)
FNDA:1,(anonymous_3)
DA:5,1
DA:7,1
DA:9,1
DA:10,0
DA:11,0
DA:12,0
DA:14,0
DA:18,1
DA:19,1
DA:20,1
DA:21,1
DA:23,1
DA:35,1
DA:36,0
DA:39,1
DA:41,1
DA:43,1
DA:45,0
DA:49,1
DA:50,1
DA:51,1
DA:52,1
DA:53,0
DA:56,1
DA:58,1
DA:59,0
DA:62,1
DA:63,1
DA:64,1
DA:66,0
DA:70,1
DA:74,1
DA:75,1
DA:76,1
DA:77,1
DA:78,0
DA:80,1
DA:82,0
DA:84,0
LF:39
LH:27
BRDA:35,0,0,0
BRDA:35,0,1,1
BRDA:52,1,0,0
BRDA:52,1,1,1
BRDA:52,2,0,1
BRDA:52,2,1,1
BRDA:58,3,0,0
BRDA:58,3,1,1
BRDA:77,4,0,0
BRDA:77,4,1,1
BRF:10
BRH:6
end_of_record
