TN:
SF:src/app.ts
FN:4,(anonymous_0)
FN:12,(anonymous_1)
FN:16,(anonymous_2)
FN:19,(anonymous_3)
FNF:4
FNH:2
FNDA:1,(anonymous_0)
FNDA:1,(anonymous_1)
FNDA:0,(anonymous_2)
FNDA:0,(anonymous_3)
DA:4,1
DA:8,1
DA:10,1
DA:12,1
DA:13,1
DA:16,1
DA:17,0
DA:19,0
DA:20,0
DA:24,1
LF:10
LH:7
BRF:0
BRH:0
end_of_record
TN:
SF:src/database/mongoose.ts
FN:3,(anonymous_0)
FN:38,(anonymous_1)
FNF:2
FNH:2
FNDA:1,(anonymous_0)
FNDA:1,(anonymous_1)
DA:3,1
DA:11,1
DA:13,1
DA:14,1
DA:15,1
DA:16,0
DA:23,0
DA:27,0
DA:30,1
DA:34,0
DA:38,1
DA:39,1
LF:12
LH:8
BRDA:15,0,0,0
BRDA:15,0,1,1
BRDA:16,1,0,0
BRDA:16,1,1,0
BRDA:17,2,0,0
BRDA:17,2,1,0
BRDA:17,2,2,0
BRDA:17,2,3,0
BRDA:17,2,4,0
BRF:9
BRH:1
end_of_record
TN:
SF:src/database/models/User.ts
FN:78,(anonymous_0)
FN:81,(anonymous_1)
FN:113,(anonymous_2)
FN:132,(anonymous_3)
FN:145,(anonymous_4)
FN:150,(anonymous_5)
FN:165,(anonymous_6)
FN:173,(anonymous_7)
FN:186,(anonymous_8)
FN:212,(anonymous_9)
FN:216,(anonymous_10)
FN:221,(anonymous_11)
FN:225,(anonymous_12)
FN:233,(anonymous_13)
FN:251,(anonymous_14)
FNF:15
FNH:6
FNDA:3,(anonymous_0)
FNDA:0,(anonymous_1)
FNDA:2,(anonymous_2)
FNDA:2,(anonymous_3)
FNDA:14,(anonymous_4)
FNDA:1,(anonymous_5)
FNDA:0,(anonymous_6)
FNDA:0,(anonymous_7)
FNDA:0,(anonymous_8)
FNDA:0,(anonymous_9)
FNDA:0,(anonymous_10)
FNDA:0,(anonymous_11)
FNDA:0,(anonymous_12)
FNDA:3,(anonymous_13)
FNDA:0,(anonymous_14)
DA:6,1
DA:11,1
DA:44,1
DA:79,3
DA:81,0
DA:113,1
DA:116,2
DA:118,2
DA:126,2
DA:127,2
DA:129,2
DA:132,1
DA:133,2
DA:135,2
DA:136,2
DA:145,14
DA:147,2
DA:150,1
DA:151,1
DA:153,1
DA:154,0
DA:157,1
DA:158,1
DA:159,0
DA:162,1
DA:165,1
DA:166,0
DA:167,0
DA:168,0
DA:169,0
DA:170,0
DA:173,1
DA:178,0
DA:179,0
DA:181,0
DA:182,0
DA:183,0
DA:186,0
DA:187,0
DA:189,0
DA:191,0
DA:192,0
DA:193,0
DA:194,0
DA:195,0
DA:199,0
DA:200,0
DA:201,0
DA:202,0
DA:203,0
DA:205,0
DA:206,0
DA:209,0
DA:212,1
DA:213,0
DA:216,1
DA:218,0
DA:221,1
DA:222,0
DA:225,1
DA:226,0
DA:227,0
DA:230,1
DA:233,1
DA:234,3
DA:236,3
DA:237,1
DA:240,3
DA:249,1
DA:252,0
DA:254,1
LF:71
LH:36
BRDA:153,0,0,0
BRDA:153,0,1,1
BRDA:158,1,0,0
BRDA:158,1,1,1
BRDA:176,2,0,0
BRDA:182,3,0,0
BRDA:182,3,1,0
BRDA:191,4,0,0
BRDA:191,4,1,0
BRDA:194,5,0,0
BRDA:194,5,1,0
BRDA:202,6,0,0
BRDA:202,6,1,0
BRDA:236,7,0,1
BRDA:236,7,1,2
BRF:15
BRH:4
end_of_record
TN:
SF:src/middleware/auth.ts
FN:12,(anonymous_0)
FN:32,(anonymous_1)
FNF:2
FNH:1
FNDA:0,(anonymous_0)
FNDA:2,(anonymous_1)
DA:5,1
DA:12,1
DA:13,0
DA:14,0
DA:15,0
DA:18,0
DA:20,0
DA:21,0
DA:24,0
DA:25,0
DA:26,0
DA:28,0
DA:32,1
DA:33,2
LF:14
LH:4
BRDA:20,0,0,0
BRDA:20,0,1,0
BRF:2
BRH:0
end_of_record
TN:
SF:src/resolvers/user-resolver.ts
FN:5,(anonymous_0)
FN:20,(anonymous_1)
FN:52,(anonymous_2)
FN:68,(anonymous_3)
FNF:4
FNH:3
FNDA:1,(anonymous_0)
FNDA:1,(anonymous_1)
FNDA:1,(anonymous_2)
FNDA:0,(anonymous_3)
DA:5,1
DA:6,1
DA:7,1
DA:8,1
DA:9,1
DA:11,0
DA:20,1
DA:31,1
DA:35,1
DA:36,1
DA:37,1
DA:38,1
DA:39,1
DA:44,0
DA:45,0
DA:47,0
DA:48,0
DA:52,1
DA:57,1
DA:58,1
DA:59,0
DA:61,1
DA:62,1
DA:68,1
DA:69,0
LF:25
LH:18
BRDA:44,0,0,0
BRDA:44,0,1,0
BRDA:58,1,0,0
BRDA:58,1,1,1
BRDA:58,2,0,1
BRDA:58,2,1,1
BRF:6
BRH:3
end_of_record
TN:
SF:src/routers/user-router.ts
FN:9,(anonymous_0)
FN:19,(anonymous_1)
FN:50,(anonymous_2)
FNF:3
FNH:2
FNDA:0,(anonymous_0)
FNDA:1,(anonymous_1)
FNDA:1,(anonymous_2)
DA:5,1
DA:7,1
DA:9,1
DA:10,0
DA:11,0
DA:12,0
DA:14,0
DA:19,1
DA:20,1
DA:21,1
DA:22,1
DA:24,1
DA:36,1
DA:37,0
DA:40,1
DA:42,1
DA:44,1
DA:46,0
DA:50,1
DA:51,1
DA:52,1
DA:53,1
DA:54,0
DA:57,1
DA:59,1
DA:60,0
DA:63,1
DA:64,1
DA:65,1
DA:67,0
LF:30
LH:21
BRDA:36,0,0,0
BRDA:36,0,1,1
BRDA:53,1,0,0
BRDA:53,1,1,1
BRDA:53,2,0,1
BRDA:53,2,1,1
BRDA:59,3,0,0
BRDA:59,3,1,1
BRF:8
BRH:5
end_of_record
